Determining if the pthread_create exist failed with the following output:
Change Dir: /workspace/build/CMakeFiles/CMakeTmp

Run Build Command:"/usr/bin/make" "cmTC_fc360/fast"
/usr/bin/make -f CMakeFiles/cmTC_fc360.dir/build.make CMakeFiles/cmTC_fc360.dir/build
make[1]: Entering directory '/workspace/build/CMakeFiles/CMakeTmp'
Building C object CMakeFiles/cmTC_fc360.dir/CheckSymbolExists.c.o
/usr/bin/cc    -o CMakeFiles/cmTC_fc360.dir/CheckSymbolExists.c.o   -c /workspace/build/CMakeFiles/CMakeTmp/CheckSymbolExists.c
Linking C executable cmTC_fc360
/usr/bin/cmake -E cmake_link_script CMakeFiles/cmTC_fc360.dir/link.txt --verbose=1
/usr/bin/cc      -rdynamic CMakeFiles/cmTC_fc360.dir/CheckSymbolExists.c.o  -o cmTC_fc360 
CMakeFiles/cmTC_fc360.dir/CheckSymbolExists.c.o: In function `main':
CheckSymbolExists.c:(.text+0x1b): undefined reference to `pthread_create'
collect2: error: ld returned 1 exit status
CMakeFiles/cmTC_fc360.dir/build.make:97: recipe for target 'cmTC_fc360' failed
make[1]: *** [cmTC_fc360] Error 1
make[1]: Leaving directory '/workspace/build/CMakeFiles/CMakeTmp'
Makefile:126: recipe for target 'cmTC_fc360/fast' failed
make: *** [cmTC_fc360/fast] Error 2

File /workspace/build/CMakeFiles/CMakeTmp/CheckSymbolExists.c:
/* */
#include <pthread.h>

int main(int argc, char** argv)
{
  (void)argv;
#ifndef pthread_create
  return ((int*)(&pthread_create))[argc];
#else
  (void)argc;
  return 0;
#endif
}

Determining if the function pthread_create exists in the pthreads failed with the following output:
Change Dir: /workspace/build/CMakeFiles/CMakeTmp

Run Build Command:"/usr/bin/make" "cmTC_f9e6f/fast"
/usr/bin/make -f CMakeFiles/cmTC_f9e6f.dir/build.make CMakeFiles/cmTC_f9e6f.dir/build
make[1]: Entering directory '/workspace/build/CMakeFiles/CMakeTmp'
Building C object CMakeFiles/cmTC_f9e6f.dir/CheckFunctionExists.c.o
/usr/bin/cc   -DCHECK_FUNCTION_EXISTS=pthread_create   -o CMakeFiles/cmTC_f9e6f.dir/CheckFunctionExists.c.o   -c /usr/share/cmake-3.10/Modules/CheckFunctionExists.c
Linking C executable cmTC_f9e6f
/usr/bin/cmake -E cmake_link_script CMakeFiles/cmTC_f9e6f.dir/link.txt --verbose=1
/usr/bin/cc  -DCHECK_FUNCTION_EXISTS=pthread_create    -rdynamic CMakeFiles/cmTC_f9e6f.dir/CheckFunctionExists.c.o  -o cmTC_f9e6f -lpthreads 
/usr/bin/ld: cannot find -lpthreads
collect2: error: ld returned 1 exit status
CMakeFiles/cmTC_f9e6f.dir/build.make:97: recipe for target 'cmTC_f9e6f' failed
make[1]: *** [cmTC_f9e6f] Error 1
make[1]: Leaving directory '/workspace/build/CMakeFiles/CMakeTmp'
Makefile:126: recipe for target 'cmTC_f9e6f/fast' failed
make: *** [cmTC_f9e6f/fast] Error 2


